:020000040000FA
:020000042001D9
:1076280042545854FFFFFFFF287601205876012066
:1076380000002000D87D0120D87D012098820120FB
:10764800587F0120AAAAAAAABBBBBBBBCCCCCCCC76
:1076580000018000D0C60120A8B60120FC0300006C
:1076680053797374656D2054696D6572205468721E
:1076780065616400000000000000000000000000D8
:107688000001800730C10120A89A0120FC030000F6
:10769800417070205461736B2053746172740000E0
:1076A80000000000000000000000000000000000D2
:1076B8000001801E00C40120A8AA0120FC030000CC
:1076C800417070205461736B205354415400000082
:1076D80000000000000000000000000000000000A2
:1076E8000001801F4CC30120A8A60120FC03000054
:1076F800417070205461736B2049444C4500000070
:107708000000000000000000000000000000000071
:107718000001800498C20120A8A20120FC030000F7
:10772800417070205461736B20557365724946002F
:107738000000000000000000000000000000000041
:10774800000180031CC60120A8B20120FC03000030
:10775800417070204D73702050726F00000000005F
:107768000000000000000000000000000000000011
:1077780000018005E4C10120A89E0120FC0300004F
:10778800417070205461736B20434F4D000000001E
:1077980000000000000000000000000000000000E1
:1077A80000018006B4C40120A8AE0120FC0300003B
:1077B800417070205461736B205265616441646349
:1077C80000000000000000000000000000000000B1
:1077D8000001800268C5012028660120FC0F000016
:1077E800417070205461736B205446544C434400DC
:1077F8000000000000000000000000000000000081
:107808000002000004D0012000000000F401000084
:107818004170702054696D6572000000000000001E
:107828000000000000000000000000000000000050
:107838000006000080D001200000000000000000C9
:107848004576656E7447726F75704E616D650000A0
:107858000000000000000000000000000000000020
:1078680000050000BCCE0120000000000000000060
:107878004170705072696E746653656D70000000D7
:1078880000000000000000000000000000000000F0
:1078980000050000F0CE01200000000000000000FC
:1078A8004170704C434453656D7000000000000047
:1078B80000000000000000000000000000000000C0
:1078C80001000000000000000000000000000000AF
:1078D80000000000000000000000000000000000A0
:1078E8000000000000000000000000000000000090
:1078F800010000000000000000000000000000007F
:10790800000000000000000000000000000000006F
:10791800000000000000000000000000000000005F
:10792800010000000000000000000000000000004E
:10793800000000000000000000000000000000003F
:10794800000000000000000000000000000000002F
:10795800010000000000000000000000000000001E
:10796800000000000000000000000000000000000F
:1079780000000000000000000000000000000000FF
:1079880001000000000000000000000000000000EE
:1079980000000000000000000000000000000000DF
:1079A80000000000000000000000000000000000CF
:1079B80001000000000000000000000000000000BE
:1079C80000000000000000000000000000000000AF
:1079D800000000000000000000000000000000009F
:1079E800010000000000000000000000000000008E
:1079F800000000000000000000000000000000007F
:107A0800000000000000000000000000000000006E
:107A1800010000000000000000000000000000005D
:107A2800000000000000000000000000000000004E
:107A3800000000000000000000000000000000003E
:107A4800010000000000000000000000000000002D
:107A5800000000000000000000000000000000001E
:107A6800000000000000000000000000000000000E
:107A780001000000000000000000000000000000FD
:107A880000000000000000000000000000000000EE
:107A980000000000000000000000000000000000DE
:107AA80001000000000000000000000000000000CD
:107AB80000000000000000000000000000000000BE
:107AC80000000000000000000000000000000000AE
:107AD800010000000000000000000000000000009D
:107AE800000000000000000000000000000000008E
:107AF800000000000000000000000000000000007E
:107B0800010000000000000000000000000000006C
:107B1800000000000000000000000000000000005D
:107B2800000000000000000000000000000000004D
:107B3800010000000000000000000000000000003C
:107B4800000000000000000000000000000000002D
:107B5800000000000000000000000000000000001D
:107B6800010000000000000000000000000000000C
:107B780000000000000000000000000000000000FD
:107B880000000000000000000000000000000000ED
:107B980001000000000000000000000000000000DC
:107BA80000000000000000000000000000000000CD
:107BB80000000000000000000000000000000000BD
:107BC80001000000000000000000000000000000AC
:107BD800000000000000000000000000000000009D
:107BE800000000000000000000000000000000008D
:107BF800010000000000000000000000000000007C
:107C0800000000000000000000000000000000006C
:107C1800000000000000000000000000000000005C
:107C2800010000000000000000000000000000004B
:107C3800000000000000000000000000000000003C
:107C4800000000000000000000000000000000002C
:107C5800010000000000000000000000000000001B
:107C6800000000000000000000000000000000000C
:107C780000000000000000000000000000000000FC
:107C880001000000000000000000000000000000EB
:107C980000000000000000000000000000000000DC
:107CA80000000000000000000000000000000000CC
:107CB80001000000000000000000000000000000BB
:107CC80000000000000000000000000000000000AC
:107CD800000000000000000000000000000000009C
:107CE800010000000000000000000000000000008B
:107CF800000000000000000000000000000000007C
:107D0800000000000000000000000000000000006B
:107D1800010000000000000000000000000000005A
:107D2800000000000000000000000000000000004B
:107D3800000000000000000000000000000000003B
:107D4800010000000000000000000000000000002A
:107D5800000000000000000000000000000000001B
:107D6800000000000000000000000000000000000B
:107D780001000000000000000000000000000000FA
:107D880000000000000000000000000000000000EB
:107D980000000000000000000000000000000000DB
:107DA80001000000000000000000000000000000CA
:107DB80000000000000000000000000000000000BB
:107DC80000000000000000000000000000000000AB
:107DD800D0C6012000000080020000000AFC9E8935
:107DE800D0C601200300000050BA012068C5012058
:107DF80068C50120020002807000000024FF9E89EF
:107E08000A00000000000000B87501200000000012
:107E180068C50120020002800200000082009F89DC
:107E280068C50120040000009075012098C2012057
:107E380098C201200400048070000000D2029F89CB
:107E4800140000000000000070A6012000000000DF
:107E580098C2012004000480020000003C049F89AD
:107E680098C201200400000048A6012030C101206A
:107E780030C101200700078070000000A6079F8915
:107E88000100000000000000709E012000000000BA
:107E980030C10120070007800200000009099F89FE
:107EA80030C1012004000000489E01204CC301207D
:107EB800FFFFFFFF4CC30120010000003B84A189A4
:107EC800D0C6012003000000E0E30120D0C6012055
:107ED800D0C6012000000080010000009687A1891B
:107EE80030C101200400000050BA0120D0C6012092
:107EF800D0C6012000000080020000006489A1892A
:107F0800D0C601200300000050BA012030C1012072
:107F180030C101200700078070000000D88CA189BB
:107F28000100000000000000709E01200000000019
:107F380030C1012007000780020000003B8EA189A4
:107F480030C1012004000000489E01204CC30120DC
:107F580030C101200700078070000000402E928980
:107F68000100000000000000709E012000000000D9
:107F780030C101200700078002000000AE2F92895F
:107F880030C1012004000000489E01204CC301209C
:107F9800FFFFFFFF4CC3012001000000FDB29489E0
:107FA800D0C6012003000000E0E30120D0C6012074
:107FB800D0C601200000008001000000FAB69489B4
:107FC80030C101200400000050BA0120D0C60120B1
:107FD800D0C601200000008002000000D0B89489BB
:107FE800D0C601200300000050BA012030C1012092
:107FF80030C10120070007807000000044BC94894C
:108008000100000000000000709E01200000000038
:1080180030C101200700078002000000A7BD948935
:1080280030C1012004000000489E01204CC30120FB
:10803800FFFFFFFF4CC30120010000004043978968
:10804800D0C6012003000000E0E30120D0C60120D3
:10805800D0C6012000000080010000009B469789DF
:1080680030C101200400000050BA0120D0C6012010
:10807800D0C60120000000800200000069489789EE
:10808800D0C601200300000050BA012030C10120F1
:1080980030C101200700078070000000DD4B978980
:1080A8000100000000000000709E01200000000098
:1080B80030C101200700078002000000404D978969
:1080C80030C1012004000000489E01204CC301205B
:1080D800FFFFFFFF4CC301200100000082D39989F4
:1080E800D0C6012003000000E0E30120D0C6012033
:1080F800D0C601200000008001000000DDD699896B
:1081080030C101200400000050BA0120D0C601206F
:10811800D0C601200000008002000000ABD8998979
:10812800D0C601200300000050BA012030C1012050
:1081380030C1012007000780700000001FDC99890A
:108148000100000000000000709E012000000000F7
:1081580030C10120070007800200000082DD9989F4
:1081680030C1012004000000489E01204CC30120BA
:10817800FFFFFFFF4CC3012001000000C4639C897E
:10818800D0C6012003000000E0E30120D0C6012092
:10819800D0C6012000000080010000001F679C89F4
:1081A80030C101200400000050BA0120D0C60120CF
:1081B800D0C601200000008002000000ED689C8904
:1081C800D0C601200300000050BA012030C10120B0
:1081D80030C101200700078070000000616C9C8995
:1081E8000100000000000000709E01200000000057
:1081F80030C101200700078002000000C66D9C897D
:1082080030C1012004000000489E01204CC3012019
:10821800FFFFFFFF4CC3012001000000FBF39E8914
:10822800D0C6012003000000E0E30120D0C60120F1
:10823800D0C60120000000800100000059F79E8987
:1082480098C201200400000050BA0120D0C60120C5
:10825800D0C601200000008001000000F3F89E89CC
:1082680068C501200400000050BA0120D0C60120D2
:10827800D0C6012000000080010000005BFA9E8942
:1082880030C101200400000050BA0120D0C60120EE
:1082980000000000000000000000000000000000D6
:0182A8006C69
:00000001FF